Godot Engine v4.1.3.stable.official.f06b6836a - https://godotengine.org
Vulkan API 1.3.260 - Forward+ - Using Vulkan Device #0: NVIDIA - NVIDIA GeForce RTX 3060
 
USER ERROR: Can't change this state while flushing queries. Use call_deferred() or set_deferred() to change monitoring state instead.
   at: body_set_shape_disabled (servers/physics_2d/godot_physics_server_2d.cpp:654)
USER ERROR: Can't change this state while flushing queries. Use call_deferred() or set_deferred() to change monitoring state instead.
   at: body_set_shape_as_one_way_collision (servers/physics_2d/godot_physics_server_2d.cpp:663)
USER ERROR: Can't change this state while flushing queries. Use call_deferred() or set_deferred() to change monitoring state instead.
   at: body_set_shape_as_one_way_collision (servers/physics_2d/godot_physics_server_2d.cpp:663)
USER ERROR: Can't change this state while flushing queries. Use call_deferred() or set_deferred() to change monitoring state instead.
   at: body_set_shape_disabled (servers/physics_2d/godot_physics_server_2d.cpp:654)
USER ERROR: Can't change this state while flushing queries. Use call_deferred() or set_deferred() to change monitoring state instead.
   at: body_set_shape_as_one_way_collision (servers/physics_2d/godot_physics_server_2d.cpp:663)
USER ERROR: Can't change this state while flushing queries. Use call_deferred() or set_deferred() to change monitoring state instead.
   at: body_set_shape_as_one_way_collision (servers/physics_2d/godot_physics_server_2d.cpp:663)
USER ERROR: Can't change this state while flushing queries. Use call_deferred() or set_deferred() to change monitoring state instead.
   at: body_set_shape_disabled (servers/physics_2d/godot_physics_server_2d.cpp:654)
USER ERROR: Can't change this state while flushing queries. Use call_deferred() or set_deferred() to change monitoring state instead.
   at: body_set_shape_as_one_way_collision (servers/physics_2d/godot_physics_server_2d.cpp:663)
USER ERROR: Can't change this state while flushing queries. Use call_deferred() or set_deferred() to change monitoring state instead.
   at: body_set_shape_as_one_way_collision (servers/physics_2d/godot_physics_server_2d.cpp:663)
USER ERROR: Can't change this state while flushing queries. Use call_deferred() or set_deferred() to change monitoring state instead.
   at: body_set_shape_disabled (servers/physics_2d/godot_physics_server_2d.cpp:654)
USER ERROR: Can't change this state while flushing queries. Use call_deferred() or set_deferred() to change monitoring state instead.
   at: body_set_shape_as_one_way_collision (servers/physics_2d/godot_physics_server_2d.cpp:663)
USER ERROR: Can't change this state while flushing queries. Use call_deferred() or set_deferred() to change monitoring state instead.
   at: body_set_shape_as_one_way_collision (servers/physics_2d/godot_physics_server_2d.cpp:663)
USER ERROR: Can't change this state while flushing queries. Use call_deferred() or set_deferred() to change monitoring state instead.
   at: body_set_shape_disabled (servers/physics_2d/godot_physics_server_2d.cpp:654)
USER ERROR: Can't change this state while flushing queries. Use call_deferred() or set_deferred() to change monitoring state instead.
   at: body_set_shape_as_one_way_collision (servers/physics_2d/godot_physics_server_2d.cpp:663)
USER ERROR: Can't change this state while flushing queries. Use call_deferred() or set_deferred() to change monitoring state instead.
   at: body_set_shape_as_one_way_collision (servers/physics_2d/godot_physics_server_2d.cpp:663)
